Vivado Simulator 2019.1
Copyright 1986-1999, 2001-2019 Xilinx, Inc. All Rights Reserved.
Running: C:/Xilinx/Vivado/2019.1/bin/unwrapped/win64.o/xelab.exe -wto 2bfaa9fd4abf44b79df4990d5aa1403e --incr --debug typical --relax --mt 2 -L xil_defaultlib -L unisims_ver -L unimacro_ver -L secureip --snapshot testSyncs_behav xil_defaultlib.testSyncs xil_defaultlib.glbl -log elaborate.log 
Using 2 slave threads.
Starting static elaboration
WARNING: [VRFC 10-3091] actual bit length 1 differs from formal bit length 15 for port 'slugSub' [C:/Users/rawerner/Desktop/Lab6/Lab6.srcs/sources_1/new/Top.v:99]
WARNING: [VRFC 10-3705] select index 4 into 'Sel' is out of bounds [C:/Users/rawerner/Desktop/Lab6/Lab6.srcs/sources_1/imports/imports/new/Selector.v:28]
Completed static elaboration
Starting simulation data flow analysis
WARNING: [VRFC 10-3283] element index 4 into 'Sel' is out of bounds [C:/Users/rawerner/Desktop/Lab6/Lab6.srcs/sources_1/imports/imports/new/Selector.v:28]
Completed simulation data flow analysis
Time Resolution for simulation is 1ps
Compiling module unisims_ver.IBUF
Compiling module unisims_ver.MMCME2_ADV(CLKFBOUT_MULT_F=9.125...
Compiling module unisims_ver.BUFG
Compiling module xil_defaultlib.clk_wiz_0
Compiling module unisims_ver.x_lut2_mux4
Compiling module unisims_ver.LUT2
Compiling module unisims_ver.XOR2
Compiling module unisims_ver.FDCE_default
Compiling module xil_defaultlib.FTCE_MXILINX_clkcntrl4
Compiling module unisims_ver.LUT4
Compiling module unisims_ver.AND4
Compiling module unisims_ver.x_lut3_mux8
Compiling module unisims_ver.LUT3
Compiling module unisims_ver.AND3
Compiling module unisims_ver.AND2
Compiling module unisims_ver.VCC
Compiling module xil_defaultlib.CB4CE_MXILINX_clkcntrl4
Compiling module unisims_ver.BUF
Compiling module xil_defaultlib.clkcntrl4
Compiling module unisims_ver.STARTUPE2
Compiling module xil_defaultlib.labVGA_clks
Compiling module unisims_ver.FDRE_default
Compiling module xil_defaultlib.countUD5L
Compiling module xil_defaultlib.counterUD15L
Compiling module xil_defaultlib.Flasher
Compiling module xil_defaultlib.DispAddress
Compiling module unisims_ver.FDRE(INIT=1'b1)
Compiling module xil_defaultlib.HsycVsync
Compiling module xil_defaultlib.Borders
Compiling module xil_defaultlib.Pond
Compiling module xil_defaultlib.myMux
Compiling module xil_defaultlib.PlatCoord
Compiling module xil_defaultlib.RNG
Compiling module xil_defaultlib.Register_default
Compiling module xil_defaultlib.myFullAdder
Compiling module xil_defaultlib.Adder
Compiling module xil_defaultlib.Platform
Compiling module xil_defaultlib.Plat2Coord
Compiling module xil_defaultlib.Plat3Coord
Compiling module xil_defaultlib.Slug
Compiling module xil_defaultlib.Bugs
Compiling module xil_defaultlib.RingCounter
Compiling module xil_defaultlib.Selector
Compiling module xil_defaultlib.hex7seg
Compiling module xil_defaultlib.Top_default
Compiling module xil_defaultlib.check_the_sync_signals
Compiling module xil_defaultlib.check_the_rgb_signals
Compiling module xil_defaultlib.testSyncs
Compiling module xil_defaultlib.glbl
Built simulation snapshot testSyncs_behav
